Error: "" is an invalid integer\r\nContext: IniPropStorage1RestoreProperties\r\nHelp:0.
Error: "" is an invalid integer\r\nContext: IniPropStorage1RestoreProperties\r\nHelp:0.
Error: "" is an invalid integer\r\nContext: IniPropStorage1RestoreProperties\r\nHelp:0.
Error: Access violation\r\nContext: SomeDateDateEditChange\r\nHelp:0.
Error: Access violation\r\nContext: Xxx\r\nHelp:0.
Error: Access violation\r\nContext: Xxx\r\nHelp:0.
Error: Access violation\r\nContext: Xxx\r\nHelp:0.
Error: Access violation\r\nContext: Xxx\r\nHelp:0.
Error: Access violation\r\nContext: SetSomeDateTime\r\nHelp:0.
Error: Access violation\r\nContext: SetSomeDateTime\r\nHelp:0.
Error: Access violation\r\nContext: SetSomeDateTime\r\nHelp:0.
Error: Access violation\r\nContext: SetSomeDateTime\r\nHelp:0.
Error: Access violation\r\nContext: SetSomeDateTime\r\nHelp:0.
Error: Access violation\r\nContext: SetSomeDateTime\r\nHelp:0.
Error: Invalid argument index in format "FHandlers.Count: '%s'"\r\nContext: AddHandler\r\nHelp:0.
Error: Invalid argument index in format "FHandlers.Count: '%s'"\r\nContext: AddHandler\r\nHelp:0.
Error: Invalid argument index in format "FHandlers.Count: '%s'"\r\nContext: AddHandler\r\nHelp:0.
Error: "" is an invalid integer\r\nContext: SomeIntegerEditChange\r\nHelp:0.
Error: Invalid argument index in format "handled event: '%s' = '%d' "\r\nContext: objModel_PropertyChanged\r\nHelp:0.
Error: Invalid argument index in format "handled event: '%s' = '%u' "\r\nContext: objModel_PropertyChanged\r\nHelp:0.
Error: "-" is an invalid integer\r\nContext: SomeIntegerEditChange\r\nHelp:0.
Error: "-" is an invalid integer\r\nContext: SomeIntegerEditChange\r\nHelp:0.
